<?xml version="1.0" encoding="UTF-8"?>
<!-- Generated by org.testng.reporters.JUnitXMLReporter -->
<testsuite ignored="0" hostname="ISCISNB138" failures="0" tests="6" name="Default test" time="169.111" errors="0" timestamp="2025-05-21T14:10:46 IST">
  <testcase classname="replacementLeaveApprovalModule.DataProvider" name="learnDataProvider" time="26.437"/>
  <testcase classname="replacementLeaveApprovalModule.DataProvider" name="learnDataProvider" time="26.206"/>
  <testcase classname="replacementLeaveApprovalModule.DataProvider" name="learnDataProvider" time="25.609"/>
  <testcase classname="replacementLeaveApprovalModule.DataProvider" name="learnDataProvider" time="28.138"/>
  <testcase classname="replacementLeaveApprovalModule.DataProvider" name="learnDataProvider" time="29.691"/>
  <testcase classname="replacementLeaveApprovalModule.DataProvider" name="learnDataProvider" time="31.824"/>
</testsuite> <!-- Default test -->
