<?xml version="1.0" encoding="UTF-8"?>
<!-- Generated by org.testng.reporters.JUnitXMLReporter -->
<testsuite ignored="0" hostname="ISCISNB138" failures="0" tests="3" name="Default test" time="638.525" errors="0" timestamp="2025-05-29T10:59:42 IST">
  <testcase classname="claimModule.AnnClaimModule" name="annClaimModule" time="53.372"/>
  <testcase classname="claimModule.AnnClaimModule" name="annClaimModule" time="94.138"/>
  <testcase classname="claimModule.AnnClaimModule" name="annClaimModule" time="489.811"/>
</testsuite> <!-- Default test -->
