<?xml version="1.0" encoding="UTF-8"?>
<!-- Generated by org.testng.reporters.JUnitXMLReporter -->
<testsuite ignored="0" hostname="ISCISNB138" failures="2" tests="4" name="Test" time="138.919" errors="0" timestamp="2025-05-22T10:25:18 IST">
  <testcase classname="replacementLeaveApprovalModule.ApplyReplacementLeave" name="applyReplacementLeave" time="26.523"/>
  <testcase classname="replacementLeaveApprovalModule.ApplyReplacementLeave" name="applyReplacementLeave" time="26.307"/>
  <testcase classname="replacementLeaveApprovalModule.ApplyReplacementLeave" name="approverLeaveModule" time="60.051">
    <failure type="java.lang.IndexOutOfBoundsException" message="Index 4 out of bounds for length 4">
      <![CDATA[java.lang.IndexOutOfBoundsException: Index 4 out of bounds for length 4
at java.base/jdk.internal.util.Preconditions.outOfBounds(Preconditions.java:100)
at java.base/jdk.internal.util.Preconditions.outOfBoundsCheckIndex(Preconditions.java:106)
at java.base/jdk.internal.util.Preconditions.checkIndex(Preconditions.java:302)
at java.base/java.util.Objects.checkIndex(Objects.java:365)
at java.base/java.util.ArrayList.get(ArrayList.java:428)
at replacementLeaveApprovalModule.ApplyReplacementLeave.approverLeaveModule(ApplyReplacementLeave.java:335)
at java.base/java.util.ArrayList.forEach(ArrayList.java:1597)
... Removed 25 stack frames]]>
    </failure>
  </testcase> <!-- approverLeaveModule -->
  <testcase classname="replacementLeaveApprovalModule.ApplyReplacementLeave" name="approverLeaveModule" time="24.72">
    <failure type="java.lang.IndexOutOfBoundsException" message="Index 4 out of bounds for length 4">
      <![CDATA[java.lang.IndexOutOfBoundsException: Index 4 out of bounds for length 4
at java.base/jdk.internal.util.Preconditions.outOfBounds(Preconditions.java:100)
at java.base/jdk.internal.util.Preconditions.outOfBoundsCheckIndex(Preconditions.java:106)
at java.base/jdk.internal.util.Preconditions.checkIndex(Preconditions.java:302)
at java.base/java.util.Objects.checkIndex(Objects.java:365)
at java.base/java.util.ArrayList.get(ArrayList.java:428)
at replacementLeaveApprovalModule.ApplyReplacementLeave.approverLeaveModule(ApplyReplacementLeave.java:350)
at java.base/java.util.ArrayList.forEach(ArrayList.java:1597)
... Removed 25 stack frames]]>
    </failure>
  </testcase> <!-- approverLeaveModule -->
</testsuite> <!-- Test -->
