<?xml version="1.0" encoding="UTF-8"?>
<testng-results ignored="0" total="3" passed="3" failed="0" skipped="0">
  <reporter-output>
  </reporter-output>
  <suite started-at="2025-05-29T10:49:03 IST" name="Default suite" finished-at="2025-05-29T10:59:42 IST" duration-ms="638525">
    <groups>
    </groups>
    <test started-at="2025-05-29T10:49:03 IST" name="Default test" finished-at="2025-05-29T10:59:42 IST" duration-ms="638525">
      <class name="claimModule.AnnClaimModule">
        <test-method signature="annClaimModule([Ljava.lang.String;)[pri:0, instance:claimModule.AnnClaimModule@702657cc]" started-at="2025-05-29T10:49:04 IST" name="annClaimModule" data-provider="getData" finished-at="2025-05-29T10:49:58 IST" duration-ms="53372" status="PASS">
          <params>
            <param index="0">
              <value>
                <![CDATA[[Ljava.lang.String;@7d088813]]>
              </value>
            </param>
          </params>
          <reporter-output>
          </reporter-output>
        </test-method> <!-- annClaimModule -->
        <test-method signature="annClaimModule([Ljava.lang.String;)[pri:0, instance:claimModule.AnnClaimModule@702657cc]" started-at="2025-05-29T10:49:58 IST" name="annClaimModule" data-provider="getData" finished-at="2025-05-29T10:51:32 IST" duration-ms="94138" status="PASS">
          <params>
            <param index="0">
              <value>
                <![CDATA[[Ljava.lang.String;@134abd78]]>
              </value>
            </param>
          </params>
          <reporter-output>
          </reporter-output>
        </test-method> <!-- annClaimModule -->
        <test-method signature="annClaimModule([Ljava.lang.String;)[pri:0, instance:claimModule.AnnClaimModule@702657cc]" started-at="2025-05-29T10:51:32 IST" name="annClaimModule" data-provider="getData" finished-at="2025-05-29T10:59:42 IST" duration-ms="489811" status="PASS">
          <params>
            <param index="0">
              <value>
                <![CDATA[[Ljava.lang.String;@3b0ed98a]]>
              </value>
            </param>
          </params>
          <reporter-output>
          </reporter-output>
        </test-method> <!-- annClaimModule -->
      </class> <!-- claimModule.AnnClaimModule -->
    </test> <!-- Default test -->
  </suite> <!-- Default suite -->
</testng-results>
