<?xml version="1.0" encoding="UTF-8"?>
<testng-results ignored="0" total="6" passed="6" failed="0" skipped="0">
  <reporter-output>
  </reporter-output>
  <suite started-at="2025-05-21T14:07:56 IST" name="Default suite" finished-at="2025-05-21T14:10:46 IST" duration-ms="169111">
    <groups>
    </groups>
    <test started-at="2025-05-21T14:07:56 IST" name="Default test" finished-at="2025-05-21T14:10:46 IST" duration-ms="169111">
      <class name="replacementLeaveApprovalModule.DataProvider">
        <test-method signature="learnDataProvider([Ljava.lang.String;)[pri:0, instance:replacementLeaveApprovalModule.DataProvider@43bc63a3]" started-at="2025-05-21T14:07:58 IST" name="learnDataProvider" data-provider="getData" finished-at="2025-05-21T14:08:24 IST" duration-ms="26437" status="PASS">
          <params>
            <param index="0">
              <value>
                <![CDATA[[Ljava.lang.String;@4451f60c]]>
              </value>
            </param>
          </params>
          <reporter-output>
          </reporter-output>
        </test-method> <!-- learnDataProvider -->
        <test-method signature="learnDataProvider([Ljava.lang.String;)[pri:0, instance:replacementLeaveApprovalModule.DataProvider@43bc63a3]" started-at="2025-05-21T14:08:24 IST" name="learnDataProvider" data-provider="getData" finished-at="2025-05-21T14:08:50 IST" duration-ms="26206" status="PASS">
          <params>
            <param index="0">
              <value>
                <![CDATA[[Ljava.lang.String;@1e3df614]]>
              </value>
            </param>
          </params>
          <reporter-output>
          </reporter-output>
        </test-method> <!-- learnDataProvider -->
        <test-method signature="learnDataProvider([Ljava.lang.String;)[pri:0, instance:replacementLeaveApprovalModule.DataProvider@43bc63a3]" started-at="2025-05-21T14:08:50 IST" name="learnDataProvider" data-provider="getData" finished-at="2025-05-21T14:09:16 IST" duration-ms="25609" status="PASS">
          <params>
            <param index="0">
              <value>
                <![CDATA[[Ljava.lang.String;@6f6efa4f]]>
              </value>
            </param>
          </params>
          <reporter-output>
          </reporter-output>
        </test-method> <!-- learnDataProvider -->
        <test-method signature="learnDataProvider([Ljava.lang.String;)[pri:0, instance:replacementLeaveApprovalModule.DataProvider@43bc63a3]" started-at="2025-05-21T14:09:16 IST" name="learnDataProvider" data-provider="getData" finished-at="2025-05-21T14:09:44 IST" duration-ms="28138" status="PASS">
          <params>
            <param index="0">
              <value>
                <![CDATA[[Ljava.lang.String;@fd413fb]]>
              </value>
            </param>
          </params>
          <reporter-output>
          </reporter-output>
        </test-method> <!-- learnDataProvider -->
        <test-method signature="learnDataProvider([Ljava.lang.String;)[pri:0, instance:replacementLeaveApprovalModule.DataProvider@43bc63a3]" started-at="2025-05-21T14:09:44 IST" name="learnDataProvider" data-provider="getData" finished-at="2025-05-21T14:10:14 IST" duration-ms="29691" status="PASS">
          <params>
            <param index="0">
              <value>
                <![CDATA[[Ljava.lang.String;@6579cdbb]]>
              </value>
            </param>
          </params>
          <reporter-output>
          </reporter-output>
        </test-method> <!-- learnDataProvider -->
        <test-method signature="learnDataProvider([Ljava.lang.String;)[pri:0, instance:replacementLeaveApprovalModule.DataProvider@43bc63a3]" started-at="2025-05-21T14:10:14 IST" name="learnDataProvider" data-provider="getData" finished-at="2025-05-21T14:10:46 IST" duration-ms="31824" status="PASS">
          <params>
            <param index="0">
              <value>
                <![CDATA[[Ljava.lang.String;@1e1232cf]]>
              </value>
            </param>
          </params>
          <reporter-output>
          </reporter-output>
        </test-method> <!-- learnDataProvider -->
      </class> <!-- replacementLeaveApprovalModule.DataProvider -->
    </test> <!-- Default test -->
  </suite> <!-- Default suite -->
</testng-results>
